<?xml version="1.0" encoding="UTF-8"?>
<!-- Generated by org.testng.reporters.JUnitReportReporter -->
<testsuite skipped="0" hostname="krish" name="testngdepdency.real" tests="8" failures="0" timestamp="2023-08-04T20:28:43 IST" time="11.739" errors="0">
  <testcase name="visiting" time="3.489" classname="testngdepdency.real"/>
  <system-out/>
  <testcase name="max" time="0.178" classname="testngdepdency.real"/>
  <system-out/>
  <testcase name="refresh" time="0.078" classname="testngdepdency.real"/>
  <system-out/>
  <testcase name="refresh" time="0.034" classname="testngdepdency.real"/>
  <system-out/>
  <testcase name="refresh" time="1.367" classname="testngdepdency.real"/>
  <system-out/>
  <testcase name="refresh" time="0.553" classname="testngdepdency.real"/>
  <system-out/>
  <testcase name="clicking" time="2.285" classname="testngdepdency.real"/>
  <system-out/>
  <testcase name="closng" time="3.755" classname="testngdepdency.real"/>
  <system-out/>
</testsuite> <!-- testngdepdency.real -->
