<?xml version="1.0" encoding="UTF-8"?>
<!-- Generated by org.testng.reporters.JUnitReportReporter -->
<testsuite skipped="0" hostname="krish" name="dataprovider.f1" tests="3" failures="0" timestamp="2023-08-11T20:32:00 IST" time="26.141" errors="0">
  <testcase name="DataProvSampleTest" time="6.441" classname="dataprovider.f1"/>
  <system-out/>
  <testcase name="DataProvSampleTest" time="6.728" classname="dataprovider.f1"/>
  <system-out/>
  <testcase name="DataProvSampleTest" time="12.972" classname="dataprovider.f1"/>
  <system-out/>
</testsuite> <!-- dataprovider.f1 -->
