<?xml version="1.0" encoding="UTF-8"?>
<!-- Generated by org.testng.reporters.JUnitReportReporter -->
<testsuite skipped="0" hostname="krish" name="extentre.c1" tests="1" failures="0" timestamp="2023-08-14T20:25:19 IST" time="4.873" errors="0">
  <testcase name="extentReportsDemo" time="4.873" classname="extentre.c1"/>
  <system-out/>
</testsuite> <!-- extentre.c1 -->
